################################################################################
# Energy contributions calculated from NNP.
################################################################################
# Col  Name      Description
################################################################################
# 1    index     Atom index.
# 2    e         Element of atom.
# 3    charge    Atomic charge (not used).
# 4    Ennp_atom Atomic energy contribution (physical units, no mean or offset energy added).
################################################################################
#        1  2                3                4
#    index  e           charge        Ennp_atom
###############################################
         0 Mo   0.00000000E+00   2.65986368E-01
         1 Mo   0.00000000E+00   2.66216104E-01
         2 Mo   0.00000000E+00   2.65985826E-01
         3 Mo   0.00000000E+00   2.66215087E-01
         4 Mo   0.00000000E+00   2.65984051E-01
         5 Mo   0.00000000E+00   2.66212665E-01
         6 Mo   0.00000000E+00   2.65992170E-01
         7 Mo   0.00000000E+00   2.66222007E-01
         8 Mo   0.00000000E+00   2.65996640E-01
         9 Mo   0.00000000E+00   2.66218310E-01
        10 Mo   0.00000000E+00   2.65989490E-01
        11 Mo   0.00000000E+00   2.66220823E-01
        12 Mo   0.00000000E+00   2.65993253E-01
        13 Mo   0.00000000E+00   2.66217827E-01
        14 Mo   0.00000000E+00   2.65987553E-01
        15 Mo   0.00000000E+00   2.66214815E-01
        16 Mo   0.00000000E+00   2.65988684E-01
        17 Mo   0.00000000E+00   2.66212694E-01
        18 Te   0.00000000E+00   7.96696535E-02
        19 Te   0.00000000E+00   1.56587065E-01
        20 Te   0.00000000E+00   7.99324505E-02
        21 Te   0.00000000E+00   1.56351708E-01
        22 Te   0.00000000E+00   7.96583955E-02
        23 Te   0.00000000E+00   1.56583360E-01
        24 Te   0.00000000E+00   7.99320507E-02
        25 Te   0.00000000E+00   1.56346221E-01
        26 Te   0.00000000E+00   7.96593056E-02
        27 Te   0.00000000E+00   1.56582272E-01
        28 Te   0.00000000E+00   7.99297994E-02
        29 Te   0.00000000E+00   1.56348789E-01
        30 Te   0.00000000E+00   7.96658587E-02
        31 Te   0.00000000E+00   1.56594935E-01
        32 Te   0.00000000E+00   7.99340146E-02
        33 Te   0.00000000E+00   1.56348654E-01
        34 Te   0.00000000E+00   7.96627526E-02
        35 Te   0.00000000E+00   1.56586452E-01
        36 Te   0.00000000E+00   7.99357952E-02
        37 Te   0.00000000E+00   1.56344841E-01
        38 Te   0.00000000E+00   7.96633268E-02
        39 Te   0.00000000E+00   1.56590435E-01
        40 Te   0.00000000E+00   7.99295419E-02
        41 Te   0.00000000E+00   1.56347117E-01
        42 Te   0.00000000E+00   7.96615743E-02
        43 Te   0.00000000E+00   1.56593381E-01
        44 Te   0.00000000E+00   7.99280591E-02
        45 Te   0.00000000E+00   1.56345440E-01
        46 Te   0.00000000E+00   7.96576338E-02
        47 Te   0.00000000E+00   1.56593622E-01
        48 Te   0.00000000E+00   7.99267395E-02
        49 Te   0.00000000E+00   1.56349811E-01
        50 Te   0.00000000E+00   7.96582363E-02
        51 Te   0.00000000E+00   1.56598925E-01
        52 Te   0.00000000E+00   7.99270562E-02
        53 Te   0.00000000E+00   1.56342989E-01
