################################################################################
# Energy contributions calculated from NNP.
################################################################################
# Col  Name      Description
################################################################################
# 1    index     Atom index.
# 2    e         Element of atom.
# 3    charge    Atomic charge (not used).
# 4    Ennp_atom Atomic energy contribution (physical units, no mean or offset energy added).
################################################################################
#        1  2                3                4
#    index  e           charge        Ennp_atom
###############################################
         0 Mo   0.00000000E+00   5.32475409E-02
         1 Mo   0.00000000E+00   5.32936186E-02
         2 Mo   0.00000000E+00   5.32474322E-02
         3 Mo   0.00000000E+00   5.32934146E-02
         4 Mo   0.00000000E+00   5.32470761E-02
         5 Mo   0.00000000E+00   5.32929288E-02
         6 Mo   0.00000000E+00   5.32487046E-02
         7 Mo   0.00000000E+00   5.32948026E-02
         8 Mo   0.00000000E+00   5.32496011E-02
         9 Mo   0.00000000E+00   5.32940609E-02
        10 Mo   0.00000000E+00   5.32481670E-02
        11 Mo   0.00000000E+00   5.32945650E-02
        12 Mo   0.00000000E+00   5.32489219E-02
        13 Mo   0.00000000E+00   5.32939641E-02
        14 Mo   0.00000000E+00   5.32477785E-02
        15 Mo   0.00000000E+00   5.32933601E-02
        16 Mo   0.00000000E+00   5.32480053E-02
        17 Mo   0.00000000E+00   5.32929346E-02
        18 Te   0.00000000E+00   1.59352794E-02
        19 Te   0.00000000E+00   3.13276574E-02
        20 Te   0.00000000E+00   1.59878522E-02
        21 Te   0.00000000E+00   3.12805400E-02
        22 Te   0.00000000E+00   1.59330272E-02
        23 Te   0.00000000E+00   3.13269157E-02
        24 Te   0.00000000E+00   1.59877722E-02
        25 Te   0.00000000E+00   3.12794415E-02
        26 Te   0.00000000E+00   1.59332093E-02
        27 Te   0.00000000E+00   3.13266980E-02
        28 Te   0.00000000E+00   1.59873218E-02
        29 Te   0.00000000E+00   3.12799557E-02
        30 Te   0.00000000E+00   1.59345202E-02
        31 Te   0.00000000E+00   3.13292331E-02
        32 Te   0.00000000E+00   1.59881651E-02
        33 Te   0.00000000E+00   3.12799287E-02
        34 Te   0.00000000E+00   1.59338989E-02
        35 Te   0.00000000E+00   3.13275348E-02
        36 Te   0.00000000E+00   1.59885213E-02
        37 Te   0.00000000E+00   3.12791653E-02
        38 Te   0.00000000E+00   1.59340137E-02
        39 Te   0.00000000E+00   3.13283321E-02
        40 Te   0.00000000E+00   1.59872703E-02
        41 Te   0.00000000E+00   3.12796209E-02
        42 Te   0.00000000E+00   1.59336631E-02
        43 Te   0.00000000E+00   3.13289220E-02
        44 Te   0.00000000E+00   1.59869737E-02
        45 Te   0.00000000E+00   3.12792852E-02
        46 Te   0.00000000E+00   1.59328748E-02
        47 Te   0.00000000E+00   3.13289702E-02
        48 Te   0.00000000E+00   1.59867097E-02
        49 Te   0.00000000E+00   3.12801602E-02
        50 Te   0.00000000E+00   1.59329954E-02
        51 Te   0.00000000E+00   3.13300319E-02
        52 Te   0.00000000E+00   1.59867730E-02
        53 Te   0.00000000E+00   3.12787945E-02
