
*******************************************************************************

WELCOME TO n²p², A SOFTWARE PACKAGE FOR NEURAL NETWORK POTENTIALS!
------------------------------------------------------------------

n²p² version  (from git): v2.1.4-8-ge3ee6ab
             (version.h): v2.1.4
------------------------------------------------------------
Git branch              : master
Git revision            : e3ee6abef466d8d313f5b1d4bda421a444d3e4a0
Compile date/time       : Oct  6 2021 21:40:59
------------------------------------------------------------

Features/Flags:
------------------------------------------------------------
Symmetry function groups     : enabled
Symmetry function cache      : enabled
Timing function available    : available
Asymmetric polynomial SFs    : available
SF low neighbor number check : enabled
SF derivative memory layout  : reduced
MPI explicitly disabled      : no
------------------------------------------------------------

Please cite the following papers when publishing results obtained with n²p²:
-------------------------------------------------------------------------------
 * General citation for n²p² and the LAMMPS interface:

 Singraber, A.; Behler, J.; Dellago, C.
 Library-Based LAMMPS Implementation of High-Dimensional
 Neural Network Potentials.
 J. Chem. Theory Comput. 2019 15 (3), 1827–1840.
 https://doi.org/10.1021/acs.jctc.8b00770
-------------------------------------------------------------------------------
 * Additionally, if you use the NNP training features of n²p²:

 Singraber, A.; Morawietz, T.; Behler, J.; Dellago, C.
 Parallel Multistream Training of High-Dimensional Neural
 Network Potentials.
 J. Chem. Theory Comput. 2019, 15 (5), 3075–3092.
 https://doi.org/10.1021/acs.jctc.8b01092
-------------------------------------------------------------------------------
 * Additionally, if polynomial symmetry functions are used:

 Bircher, M. P.; Singraber, A.; Dellago, C.
 Improved Description of Atomic Environments Using Low-Cost
 Polynomial Functions with Compact Support.
 arXiv:2010.14414 [cond-mat, physics:physics] 2020.
 https://arxiv.org/abs/2010.14414
*******************************************************************************

*** SETUP: SETTINGS FILE ******************************************************

Settings file name: input.nn
Read 102 lines.
Found 41 lines with keywords.
This settings file defines a short-range only NNP.
*******************************************************************************

*** SETUP: NORMALIZATION ******************************************************

Data set normalization is not used.
*******************************************************************************

*** SETUP: ELEMENT MAP ********************************************************

Number of element strings found: 2
Element  0: Mo ( 42)
Element  1: Te ( 52)
*******************************************************************************

*** SETUP: ELEMENTS ***********************************************************

Number of elements is consistent: 2
Atomic energy offsets per element:
Element  0:   0.00000000E+00
Element  1:   0.00000000E+00
Energy offsets are automatically subtracted from reference energies.
*******************************************************************************

*** SETUP: CUTOFF FUNCTIONS ***************************************************

Parameter alpha for inner cutoff: 0.000000
Inner cutoff = Symmetry function cutoff * alpha
Equal cutoff function type for all symmetry functions:
CutoffFunction::CT_COS (1)
x := (r - rc * alpha) / (rc - rc * alpha)
f(x) = 1/2 * (cos(pi*x) + 1)
*******************************************************************************

*** SETUP: SYMMETRY FUNCTIONS *************************************************

Abbreviations:
--------------
ind .... Symmetry function index.
ec ..... Central atom element.
tp ..... Symmetry function type.
sbtp ... Symmetry function subtype (e.g. cutoff type).
e1 ..... Neighbor 1 element.
e2 ..... Neighbor 2 element.
eta .... Gaussian width eta.
rs/rl... Shift distance of Gaussian or left cutoff radius for polynomial.
angl.... Left cutoff angle for polynomial.
angr.... Right cutoff angle for polynomial.
la ..... Angle prefactor lambda.
zeta ... Angle term exponent zeta.
rc ..... Cutoff radius / right cutoff radius for polynomial.
a ...... Free parameter alpha (e.g. cutoff alpha).
ln ..... Line number in settings file.

Short range atomic symmetry functions element Mo :
-------------------------------------------------------------------------------------------------
 ind ec tp sbtp e1 e2       eta      rs/rl         rc   angl   angr la zeta    a    ln
-------------------------------------------------------------------------------------------------
   1 Mo  2  ct1 Mo    1.000E+00  0.000E+00  6.500E+00                       0.00    93
   2 Mo  2  ct1 Te    1.000E+00  0.000E+00  6.500E+00                       0.00    96
-------------------------------------------------------------------------------------------------
Short range atomic symmetry functions element Te :
-------------------------------------------------------------------------------------------------
 ind ec tp sbtp e1 e2       eta      rs/rl         rc   angl   angr la zeta    a    ln
-------------------------------------------------------------------------------------------------
   1 Te  2  ct1 Mo    1.000E+00  0.000E+00  6.500E+00                       0.00    98
   2 Te  2  ct1 Te    1.000E+00  0.000E+00  6.500E+00                       0.00   101
-------------------------------------------------------------------------------------------------
Minimum cutoff radius for element Mo: 6.500000
Minimum cutoff radius for element Te: 6.500000
Maximum cutoff radius (global)      : 6.500000
*******************************************************************************

*** SETUP: SYMMETRY FUNCTION MEMORY *******************************************

Symmetry function derivatives memory table for element Mo :
-------------------------------------------------------------------------------
Relevant symmetry functions for neighbors with element:
- Mo:    1 of    2 ( 50.0 %)
- Te:    1 of    2 ( 50.0 %)
-------------------------------------------------------------------------------
Symmetry function derivatives memory table for element Te :
-------------------------------------------------------------------------------
Relevant symmetry functions for neighbors with element:
- Mo:    1 of    2 ( 50.0 %)
- Te:    1 of    2 ( 50.0 %)
-------------------------------------------------------------------------------
*******************************************************************************

*** SETUP: SYMMETRY FUNCTION CACHE ********************************************

Element Mo: in total 0 caches, used -nan times on average.
Element Te: in total 0 caches, used -nan times on average.
*******************************************************************************

*** SETUP: SYMMETRY FUNCTION GROUPS *******************************************

Abbreviations:
--------------
ind .... Symmetry function index.
ec ..... Central atom element.
tp ..... Symmetry function type.
sbtp ... Symmetry function subtype (e.g. cutoff type).
e1 ..... Neighbor 1 element.
e2 ..... Neighbor 2 element.
eta .... Gaussian width eta.
rs/rl... Shift distance of Gaussian or left cutoff radius for polynomial.
angl.... Left cutoff angle for polynomial.
angr.... Right cutoff angle for polynomial.
la ..... Angle prefactor lambda.
zeta ... Angle term exponent zeta.
rc ..... Cutoff radius / right cutoff radius for polynomial.
a ...... Free parameter alpha (e.g. cutoff alpha).
ln ..... Line number in settings file.
mi ..... Member index.
sfi .... Symmetry function index.
e ...... Recalculate exponential term.

Short range atomic symmetry function groups element Mo :
----------------------------------------------------------------------------------------------------------
 ind ec tp sbtp e1 e2       eta      rs/rl         rc   angl   angr la zeta    a    ln   mi  sfi e
----------------------------------------------------------------------------------------------------------
   1 Mo  2  ct1 Mo            *          *  6.500E+00                       0.00     *    *    *  
   -  -  -    -  -    1.000E+00  0.000E+00          -                          -    93    1    1  
   2 Mo  2  ct1 Te            *          *  6.500E+00                       0.00     *    *    *  
   -  -  -    -  -    1.000E+00  0.000E+00          -                          -    96    1    2  
----------------------------------------------------------------------------------------------------------
Short range atomic symmetry function groups element Te :
----------------------------------------------------------------------------------------------------------
 ind ec tp sbtp e1 e2       eta      rs/rl         rc   angl   angr la zeta    a    ln   mi  sfi e
----------------------------------------------------------------------------------------------------------
   1 Te  2  ct1 Mo            *          *  6.500E+00                       0.00     *    *    *  
   -  -  -    -  -    1.000E+00  0.000E+00          -                          -    98    1    1  
   2 Te  2  ct1 Te            *          *  6.500E+00                       0.00     *    *    *  
   -  -  -    -  -    1.000E+00  0.000E+00          -                          -   101    1    2  
----------------------------------------------------------------------------------------------------------
*******************************************************************************

*** SETUP: NEURAL NETWORKS ****************************************************

Normalize neurons (all elements): 0
-------------------------------------------------------------------------------
Atomic short range NN for element Mo :
Number of weights    :     40
Number of biases     :     11
Number of connections:     51
Architecture        2    5    5    1
-------------------------------------------------------------------------------
   1   G   t   t   l
   2   G   t   t    
   3       t   t    
   4       t   t    
   5       t   t    
-------------------------------------------------------------------------------
Atomic short range NN for element Te :
Number of weights    :     40
Number of biases     :     11
Number of connections:     51
Architecture        2    5    5    1
-------------------------------------------------------------------------------
   1   G   t   t   l
   2   G   t   t    
   3       t   t    
   4       t   t    
   5       t   t    
-------------------------------------------------------------------------------
*******************************************************************************

*** SETUP: SYMMETRY FUNCTION SCALING ******************************************

Equal scaling type for all symmetry functions:
Scaling type::ST_NONE (0)
Gs = G
WARNING: No symmetry function scaling!
Symmetry function scaling statistics from file: scaling.data
-------------------------------------------------------------------------------

Abbreviations:
--------------
ind ..... Symmetry function index.
min ..... Minimum symmetry function value.
max ..... Maximum symmetry function value.
mean .... Mean symmetry function value.
sigma ... Standard deviation of symmetry function values.
sf ...... Scaling factor for derivatives.
Smin .... Desired minimum scaled symmetry function value.
Smax .... Desired maximum scaled symmetry function value.
t ....... Scaling type.

Scaling data for symmetry functions element Mo :
-------------------------------------------------------------------------------
 ind       min       max      mean     sigma        sf  Smin  Smax t
-------------------------------------------------------------------------------
   1  2.62E-04  2.62E-04  2.62E-04  1.55E-08  1.00E+00  0.00  0.00 0
   2  1.87E-03  1.87E-03  1.87E-03  9.39E-07  1.00E+00  0.00  0.00 0
-------------------------------------------------------------------------------
Scaling data for symmetry functions element Te :
-------------------------------------------------------------------------------
 ind       min       max      mean     sigma        sf  Smin  Smax t
-------------------------------------------------------------------------------
   1  6.25E-04  1.24E-03  9.35E-04  3.13E-04  1.00E+00  0.00  0.00 0
   2  9.11E-06  1.23E-05  1.07E-05  1.64E-06  1.00E+00  0.00  0.00 0
-------------------------------------------------------------------------------
*******************************************************************************

*** SETUP: NEURAL NETWORK WEIGHTS *********************************************

Short  NN weight file name format: weights.%03zu.data
Setting short  NN weights for element Mo from file: weights.042.data
Setting short  NN weights for element Te from file: weights.052.data
*******************************************************************************

*** SETUP: SYMMETRY FUNCTION STATISTICS ***************************************

Equal symmetry function statistics for all elements.
Collect min/max/mean/sigma                        : 0
Collect extrapolation warnings                    : 0
Write extrapolation warnings immediately to stderr: 1
Halt on any extrapolation warning                 : 0
*******************************************************************************

*** PREDICTION ****************************************************************

Reading structure file...
Structure contains 54 atoms (2 elements).
Calculating NNP prediction...

-------------------------------------------------------------------------------
NNP energy:   1.80963891E+00

NNP forces:
         1 Mo  -6.89360791E-02  -4.07194022E-06   4.36457939E-02
         2 Mo   6.88898679E-02  -6.83445746E-07  -4.37136893E-02
         3 Mo  -6.89464129E-02   6.83235557E-06   4.36358239E-02
         4 Mo   6.88878968E-02   7.95029605E-06  -4.37204537E-02
         5 Mo  -6.89387688E-02  -2.16564465E-06   4.36293888E-02
         6 Mo   6.88774576E-02  -7.88785947E-06  -4.37121834E-02
         7 Mo  -6.89493639E-02  -3.80536624E-06   4.36196204E-02
         8 Mo   6.88947114E-02  -1.87740608E-06  -4.37075294E-02
         9 Mo  -6.89444670E-02   7.63559270E-06   4.36075048E-02
        10 Mo   6.88916052E-02   1.02328039E-05  -4.37031547E-02
        11 Mo  -6.89405209E-02  -2.86071963E-06   4.36149627E-02
        12 Mo   6.88877338E-02  -8.54965813E-06  -4.37110027E-02
        13 Mo  -6.89492009E-02  -1.39728573E-05   4.36375343E-02
        14 Mo   6.88721943E-02   4.54044768E-06  -4.37601628E-02
        15 Mo  -6.89358892E-02   3.05515362E-06   4.36378971E-02
        16 Mo   6.88889906E-02  -1.33829184E-06  -4.37317683E-02
        17 Mo  -6.89457515E-02   1.82285946E-06   4.36378567E-02
        18 Mo   6.88867216E-02   3.45969176E-06  -4.37391790E-02
        19 Te  -2.15694002E-02   3.85415062E-07   1.02167138E-01
        20 Te   7.39680927E-03  -3.44531798E-06   2.69689044E-01
        21 Te   2.16491996E-02   2.97976302E-06  -1.02436948E-01
        22 Te  -7.40734693E-03  -1.39289276E-07  -2.69333460E-01
        23 Te  -2.15734458E-02  -3.25697514E-06   1.02153838E-01
        24 Te   7.40287400E-03   4.42669895E-06   2.69681496E-01
        25 Te   2.16442221E-02   1.64357648E-06  -1.02436460E-01
        26 Te  -7.41368038E-03  -4.63072001E-07  -2.69322678E-01
        27 Te  -2.15743918E-02  -1.67771040E-08   1.02155537E-01
        28 Te   7.39185478E-03   2.32203882E-06   2.69681177E-01
        29 Te   2.16405112E-02  -1.70169489E-06  -1.02432323E-01
        30 Te  -7.40942278E-03  -2.77806296E-06  -2.69326568E-01
        31 Te  -2.15848559E-02  -3.62221541E-06   1.02164211E-01
        32 Te   7.40574706E-03   1.74592660E-06   2.69701833E-01
        33 Te   2.16489771E-02   1.61130599E-06  -1.02438454E-01
        34 Te  -7.41291287E-03  -1.03803608E-06  -2.69329050E-01
        35 Te  -2.15797139E-02   7.90767317E-07   1.02159260E-01
        36 Te   7.40819543E-03  -3.57577802E-07   2.69687208E-01
        37 Te   2.16484303E-02  -9.37101899E-07  -1.02440043E-01
        38 Te  -7.42119266E-03  -2.04178788E-06  -2.69321405E-01
        39 Te  -2.15795103E-02  -7.60342545E-08   1.02160502E-01
        40 Te   7.40183621E-03   3.82255136E-06   2.69695245E-01
        41 Te   2.16442933E-02  -3.07720832E-07  -1.02431972E-01
        42 Te  -7.41513240E-03  -3.89726784E-07  -2.69325592E-01
        43 Te  -2.15820638E-02  -1.04537385E-06   1.02159805E-01
        44 Te   7.39128723E-03   3.95865969E-06   2.69697428E-01
        45 Te   2.16388195E-02   4.19670765E-07  -1.02431963E-01
        46 Te  -7.39074150E-03   3.87753789E-06  -2.69321924E-01
        47 Te  -2.15780333E-02   6.74313576E-07   1.02153535E-01
        48 Te   7.39797219E-03  -1.28974980E-06   2.69697369E-01
        49 Te   2.16415340E-02   1.56093959E-06  -1.02429967E-01
        50 Te  -7.40911985E-03  -3.93971493E-06  -2.69327608E-01
        51 Te  -2.15713013E-02  -5.32686746E-09   1.02154192E-01
        52 Te   7.39350125E-03  -4.56274108E-06   2.69707228E-01
        53 Te   2.16399714E-02   9.70220104E-07  -1.02429516E-01
        54 Te  -7.40449550E-03   1.90890026E-06  -2.69317375E-01
-------------------------------------------------------------------------------
Writing output files...
 - energy.out
 - nnatoms.out
 - nnforces.out
Writing structure with NNP prediction to "output.data".
Finished.
*******************************************************************************
